{
  "stats": {
    "suites": 1,
    "tests": 2,
    "passes": 2,
    "pending": 0,
    "failures": 0,
    "start": "2024-08-12T16:56:03.429Z",
    "end": "2024-08-12T16:56:25.363Z",
    "duration": 21934,
    "testsRegistered": 2,
    "passPercent": 100,
    "pendingPercent": 0,
    "other": 0,
    "hasOther": false,
    "skipped": 0,
    "hasSkipped": false
  },
  "results": [
    {
      "uuid": "8740b52e-14f1-42d7-8c2f-481460590745",
      "title": "",
      "fullFile": "cypress/e2e/musalasoft-tests/musalasoft-functionality.cy.js",
      "file": "cypress/e2e/musalasoft-tests/musalasoft-functionality.cy.js",
      "beforeHooks": [],
      "afterHooks": [],
      "tests": [],
      "suites": [
        {
          "uuid": "91a257df-e40e-4fea-83eb-85c1cb8cb5e8",
          "title": "Testing basic functionalities on Musalasoft web page ",
          "fullFile": "",
          "file": "",
          "beforeHooks": [],
          "afterHooks": [],
          "tests": [
            {
              "title": "Testing five diferent users with different wrong format emails receive the correct error message ",
              "fullTitle": "Testing basic functionalities on Musalasoft web page  Testing five diferent users with different wrong format emails receive the correct error message ",
              "timedOut": null,
              "duration": 19134,
              "state": "passed",
              "speed": "slow",
              "pass": true,
              "fail": false,
              "pending": false,
              "context": null,
              "code": "testsuit.contactUsForm();",
              "err": {},
              "uuid": "0e541c07-dd47-478d-aea0-bedfc56b7dda",
              "parentUUID": "91a257df-e40e-4fea-83eb-85c1cb8cb5e8",
              "isHook": false,
              "skipped": false
            },
            {
              "title": "",
              "fullTitle": "Testing basic functionalities on Musalasoft web page  ",
              "timedOut": null,
              "duration": 2685,
              "state": "passed",
              "speed": "fast",
              "pass": true,
              "fail": false,
              "pending": false,
              "context": null,
              "code": "testsuit.faceBookProfile();",
              "err": {},
              "uuid": "ca977a25-4ae5-4e91-8395-757028e01611",
              "parentUUID": "91a257df-e40e-4fea-83eb-85c1cb8cb5e8",
              "isHook": false,
              "skipped": false
            }
          ],
          "suites": [],
          "passes": [
            "0e541c07-dd47-478d-aea0-bedfc56b7dda",
            "ca977a25-4ae5-4e91-8395-757028e01611"
          ],
          "failures": [],
          "pending": [],
          "skipped": [],
          "duration": 21819,
          "root": false,
          "rootEmpty": false,
          "_timeout": 2000
        }
      ],
      "passes": [],
      "failures": [],
      "pending": [],
      "skipped": [],
      "duration": 0,
      "root": true,
      "rootEmpty": true,
      "_timeout": 2000
    }
  ],
  "meta": {
    "mocha": {
      "version": "7.0.1"
    },
    "mochawesome": {
      "options": {
        "quiet": false,
        "reportFilename": "mochawesome",
        "saveHtml": true,
        "saveJson": true,
        "consoleReporter": "spec",
        "useInlineDiffs": false,
        "code": true
      },
      "version": "7.1.3"
    },
    "marge": {
      "options": {
        "reportDir": "cypress/reports",
        "overwrite": false,
        "html": true,
        "json": true,
        "timestamp": "mmddyyyy_HHMMss"
      },
      "version": "6.2.0"
    }
  }
}